[2025-06-25T02:23:10.936+0000] {local_task_job_runner.py:120} INFO - ::group::Pre task execution logs
[2025-06-25T02:23:11.066+0000] {taskinstance.py:2073} INFO - Dependencies all met for dep_context=non-requeueable deps ti=<TaskInstance: clinlytix360_pipeline.run_etl_cleaning manual__2025-06-25T02:22:47.676421+00:00 [queued]>
[2025-06-25T02:23:11.111+0000] {taskinstance.py:2073} INFO - Dependencies all met for dep_context=requeueable deps ti=<TaskInstance: clinlytix360_pipeline.run_etl_cleaning manual__2025-06-25T02:22:47.676421+00:00 [queued]>
[2025-06-25T02:23:11.114+0000] {taskinstance.py:2303} INFO - Starting attempt 1 of 2
[2025-06-25T02:23:11.178+0000] {taskinstance.py:2327} INFO - Executing <Task(BashOperator): run_etl_cleaning> on 2025-06-25 02:22:47.676421+00:00
[2025-06-25T02:23:11.229+0000] {warnings.py:110} WARNING - /home/***/.local/lib/python3.12/site-packages/***/task/task_runner/standard_task_runner.py:61: DeprecationWarning: This process (pid=162) is multi-threaded, use of fork() may lead to deadlocks in the child.
  pid = os.fork()

[2025-06-25T02:23:11.245+0000] {standard_task_runner.py:63} INFO - Started process 170 to run task
[2025-06-25T02:23:11.237+0000] {standard_task_runner.py:90} INFO - Running: ['***', 'tasks', 'run', 'clinlytix360_pipeline', 'run_etl_cleaning', 'manual__2025-06-25T02:22:47.676421+00:00', '--job-id', '21', '--raw', '--subdir', 'DAGS_FOLDER/clinlytix_dag.py', '--cfg-path', '/tmp/tmp7stuvbf2']
[2025-06-25T02:23:11.264+0000] {standard_task_runner.py:91} INFO - Job 21: Subtask run_etl_cleaning
[2025-06-25T02:23:11.516+0000] {task_command.py:426} INFO - Running <TaskInstance: clinlytix360_pipeline.run_etl_cleaning manual__2025-06-25T02:22:47.676421+00:00 [running]> on host 8c1f13682a11
[2025-06-25T02:23:11.816+0000] {taskinstance.py:2644} INFO - Exporting env vars: AIRFLOW_CTX_DAG_OWNER='ajayc' AIRFLOW_CTX_DAG_ID='clinlytix360_pipeline' AIRFLOW_CTX_TASK_ID='run_etl_cleaning' AIRFLOW_CTX_EXECUTION_DATE='2025-06-25T02:22:47.676421+00:00' AIRFLOW_CTX_TRY_NUMBER='1' AIRFLOW_CTX_DAG_RUN_ID='manual__2025-06-25T02:22:47.676421+00:00'
[2025-06-25T02:23:11.820+0000] {taskinstance.py:430} INFO - ::endgroup::
[2025-06-25T02:23:11.829+0000] {subprocess.py:63} INFO - Tmp dir root location: /tmp
[2025-06-25T02:23:11.832+0000] {subprocess.py:75} INFO - Running command: ['/usr/bin/bash', '-c', 'python /opt/***/data/scripts/etl/etl_cleaning.py']
[2025-06-25T02:23:11.872+0000] {subprocess.py:86} INFO - Output:
[2025-06-25T02:23:17.802+0000] {subprocess.py:93} INFO - 
[2025-06-25T02:23:17.814+0000] {subprocess.py:93} INFO - 🩺 Cleaning ehr_oncology.csv...
[2025-06-25T02:23:17.817+0000] {subprocess.py:93} INFO - ✅ Survival days match follow-up correctly.
[2025-06-25T02:23:17.819+0000] {subprocess.py:93} INFO - 
[2025-06-25T02:23:17.821+0000] {subprocess.py:93} INFO - 📋 Cleaning trial_protocol.csv...
[2025-06-25T02:23:17.823+0000] {subprocess.py:93} INFO - ✅ Trial protocol cleaned successfully.
[2025-06-25T02:23:17.832+0000] {subprocess.py:93} INFO - 
[2025-06-25T02:23:17.834+0000] {subprocess.py:93} INFO - 🧠 Cleaning pro_scores.csv...
[2025-06-25T02:23:17.837+0000] {subprocess.py:93} INFO - ✅ PRO scores clean.
[2025-06-25T02:23:17.839+0000] {subprocess.py:93} INFO - 
[2025-06-25T02:23:17.841+0000] {subprocess.py:93} INFO - ✅ All datasets cleaned and saved successfully.
[2025-06-25T02:23:18.368+0000] {subprocess.py:97} INFO - Command exited with return code 0
[2025-06-25T02:23:18.378+0000] {taskinstance.py:441} INFO - ::group::Post task execution logs
[2025-06-25T02:23:18.496+0000] {taskinstance.py:1205} INFO - Marking task as SUCCESS. dag_id=clinlytix360_pipeline, task_id=run_etl_cleaning, execution_date=20250625T022247, start_date=20250625T022311, end_date=20250625T022318
[2025-06-25T02:23:18.614+0000] {local_task_job_runner.py:240} INFO - Task exited with return code 0
[2025-06-25T02:23:18.752+0000] {taskinstance.py:3482} INFO - 2 downstream tasks scheduled from follow-on schedule check
[2025-06-25T02:23:18.762+0000] {local_task_job_runner.py:222} INFO - ::endgroup::
