[2025-06-25T03:40:50.294+0000] {local_task_job_runner.py:120} INFO - ::group::Pre task execution logs
[2025-06-25T03:40:50.365+0000] {taskinstance.py:2073} INFO - Dependencies all met for dep_context=non-requeueable deps ti=<TaskInstance: clinlytix360_pipeline.run_feasibility_model manual__2025-06-25T03:39:55.881905+00:00 [queued]>
[2025-06-25T03:40:50.393+0000] {taskinstance.py:2073} INFO - Dependencies all met for dep_context=requeueable deps ti=<TaskInstance: clinlytix360_pipeline.run_feasibility_model manual__2025-06-25T03:39:55.881905+00:00 [queued]>
[2025-06-25T03:40:50.395+0000] {taskinstance.py:2303} INFO - Starting attempt 1 of 2
[2025-06-25T03:40:50.483+0000] {taskinstance.py:2327} INFO - Executing <Task(BashOperator): run_feasibility_model> on 2025-06-25 03:39:55.881905+00:00
[2025-06-25T03:40:50.512+0000] {warnings.py:110} WARNING - /home/***/.local/lib/python3.12/site-packages/***/task/task_runner/standard_task_runner.py:61: DeprecationWarning: This process (pid=413) is multi-threaded, use of fork() may lead to deadlocks in the child.
  pid = os.fork()

[2025-06-25T03:40:50.518+0000] {standard_task_runner.py:63} INFO - Started process 433 to run task
[2025-06-25T03:40:50.518+0000] {standard_task_runner.py:90} INFO - Running: ['***', 'tasks', 'run', 'clinlytix360_pipeline', 'run_feasibility_model', 'manual__2025-06-25T03:39:55.881905+00:00', '--job-id', '33', '--raw', '--subdir', 'DAGS_FOLDER/clinlytix_dag.py', '--cfg-path', '/tmp/tmpni4zzd5_']
[2025-06-25T03:40:50.529+0000] {standard_task_runner.py:91} INFO - Job 33: Subtask run_feasibility_model
[2025-06-25T03:40:50.741+0000] {task_command.py:426} INFO - Running <TaskInstance: clinlytix360_pipeline.run_feasibility_model manual__2025-06-25T03:39:55.881905+00:00 [running]> on host 34096c58d0ef
[2025-06-25T03:40:51.262+0000] {taskinstance.py:2644} INFO - Exporting env vars: AIRFLOW_CTX_DAG_OWNER='ajayc' AIRFLOW_CTX_DAG_ID='clinlytix360_pipeline' AIRFLOW_CTX_TASK_ID='run_feasibility_model' AIRFLOW_CTX_EXECUTION_DATE='2025-06-25T03:39:55.881905+00:00' AIRFLOW_CTX_TRY_NUMBER='1' AIRFLOW_CTX_DAG_RUN_ID='manual__2025-06-25T03:39:55.881905+00:00'
[2025-06-25T03:40:51.269+0000] {taskinstance.py:430} INFO - ::endgroup::
[2025-06-25T03:40:51.273+0000] {subprocess.py:63} INFO - Tmp dir root location: /tmp
[2025-06-25T03:40:51.276+0000] {subprocess.py:75} INFO - Running command: ['/usr/bin/bash', '-c', 'python /opt/***/data/scripts/modeling/feasibility_model.py']
[2025-06-25T03:40:51.324+0000] {subprocess.py:86} INFO - Output:
[2025-06-25T03:40:55.403+0000] {subprocess.py:93} INFO - 
[2025-06-25T03:40:55.404+0000] {subprocess.py:93} INFO - 🧪 Trial Feasibility Matching per Site
[2025-06-25T03:40:55.406+0000] {subprocess.py:93} INFO - 
[2025-06-25T03:40:55.408+0000] {subprocess.py:93} INFO - ✅ Site-level feasibility report generated.
[2025-06-25T03:40:55.414+0000] {subprocess.py:93} INFO -   site_id country  ... eligible_patients projected_fill_rate
[2025-06-25T03:40:55.417+0000] {subprocess.py:93} INFO - 0    S001   India  ...                52                0.45
[2025-06-25T03:40:55.419+0000] {subprocess.py:93} INFO - 1    S002  Brazil  ...                52                0.37
[2025-06-25T03:40:55.421+0000] {subprocess.py:93} INFO - 2    S003      US  ...                31                0.22
[2025-06-25T03:40:55.424+0000] {subprocess.py:93} INFO - 3    S004      US  ...                31                0.36
[2025-06-25T03:40:55.429+0000] {subprocess.py:93} INFO - 4    S005  Brazil  ...                22                0.22
[2025-06-25T03:40:55.431+0000] {subprocess.py:93} INFO - 
[2025-06-25T03:40:55.432+0000] {subprocess.py:93} INFO - [5 rows x 7 columns]
[2025-06-25T03:40:55.766+0000] {subprocess.py:97} INFO - Command exited with return code 0
[2025-06-25T03:40:55.769+0000] {taskinstance.py:441} INFO - ::group::Post task execution logs
[2025-06-25T03:40:55.837+0000] {taskinstance.py:1205} INFO - Marking task as SUCCESS. dag_id=clinlytix360_pipeline, task_id=run_feasibility_model, execution_date=20250625T033955, start_date=20250625T034050, end_date=20250625T034055
[2025-06-25T03:40:55.937+0000] {local_task_job_runner.py:240} INFO - Task exited with return code 0
[2025-06-25T03:40:55.986+0000] {taskinstance.py:3482} INFO - 1 downstream tasks scheduled from follow-on schedule check
[2025-06-25T03:40:55.990+0000] {local_task_job_runner.py:222} INFO - ::endgroup::
