[2025-06-25T01:28:42.744+0000] {local_task_job_runner.py:120} INFO - ::group::Pre task execution logs
[2025-06-25T01:28:42.819+0000] {taskinstance.py:2073} INFO - Dependencies all met for dep_context=non-requeueable deps ti=<TaskInstance: clinlytix360_pipeline.run_etl_cleaning manual__2025-06-25T01:21:03.001484+00:00 [queued]>
[2025-06-25T01:28:42.844+0000] {taskinstance.py:2073} INFO - Dependencies all met for dep_context=requeueable deps ti=<TaskInstance: clinlytix360_pipeline.run_etl_cleaning manual__2025-06-25T01:21:03.001484+00:00 [queued]>
[2025-06-25T01:28:42.850+0000] {taskinstance.py:2303} INFO - Starting attempt 1 of 2
[2025-06-25T01:28:42.918+0000] {taskinstance.py:2327} INFO - Executing <Task(BashOperator): run_etl_cleaning> on 2025-06-25 01:21:03.001484+00:00
[2025-06-25T01:28:42.978+0000] {warnings.py:110} WARNING - /home/***/.local/lib/python3.12/site-packages/***/task/task_runner/standard_task_runner.py:61: DeprecationWarning: This process (pid=145) is multi-threaded, use of fork() may lead to deadlocks in the child.
  pid = os.fork()

[2025-06-25T01:28:42.995+0000] {standard_task_runner.py:63} INFO - Started process 147 to run task
[2025-06-25T01:28:42.993+0000] {standard_task_runner.py:90} INFO - Running: ['***', 'tasks', 'run', 'clinlytix360_pipeline', 'run_etl_cleaning', 'manual__2025-06-25T01:21:03.001484+00:00', '--job-id', '15', '--raw', '--subdir', 'DAGS_FOLDER/clinlytix_dag.py', '--cfg-path', '/tmp/tmp_u4c_vfq']
[2025-06-25T01:28:43.006+0000] {standard_task_runner.py:91} INFO - Job 15: Subtask run_etl_cleaning
[2025-06-25T01:28:43.376+0000] {task_command.py:426} INFO - Running <TaskInstance: clinlytix360_pipeline.run_etl_cleaning manual__2025-06-25T01:21:03.001484+00:00 [running]> on host 6b66237045bc
[2025-06-25T01:28:43.648+0000] {taskinstance.py:2644} INFO - Exporting env vars: AIRFLOW_CTX_DAG_OWNER='ajayc' AIRFLOW_CTX_DAG_ID='clinlytix360_pipeline' AIRFLOW_CTX_TASK_ID='run_etl_cleaning' AIRFLOW_CTX_EXECUTION_DATE='2025-06-25T01:21:03.001484+00:00' AIRFLOW_CTX_TRY_NUMBER='1' AIRFLOW_CTX_DAG_RUN_ID='manual__2025-06-25T01:21:03.001484+00:00'
[2025-06-25T01:28:43.653+0000] {taskinstance.py:430} INFO - ::endgroup::
[2025-06-25T01:28:43.664+0000] {subprocess.py:63} INFO - Tmp dir root location: /tmp
[2025-06-25T01:28:43.666+0000] {subprocess.py:75} INFO - Running command: ['/usr/bin/bash', '-c', 'python /opt/***/data/scripts/etl/etl_cleaning.py']
[2025-06-25T01:28:43.711+0000] {subprocess.py:86} INFO - Output:
[2025-06-25T01:28:47.505+0000] {subprocess.py:93} INFO - 
[2025-06-25T01:28:47.507+0000] {subprocess.py:93} INFO - 🩺 Cleaning ehr_oncology.csv...
[2025-06-25T01:28:47.509+0000] {subprocess.py:93} INFO - ✅ Survival days match follow-up correctly.
[2025-06-25T01:28:47.511+0000] {subprocess.py:93} INFO - 
[2025-06-25T01:28:47.516+0000] {subprocess.py:93} INFO - 📋 Cleaning trial_protocol.csv...
[2025-06-25T01:28:47.518+0000] {subprocess.py:93} INFO - ✅ Trial protocol cleaned successfully.
[2025-06-25T01:28:47.520+0000] {subprocess.py:93} INFO - 
[2025-06-25T01:28:47.523+0000] {subprocess.py:93} INFO - 🧠 Cleaning pro_scores.csv...
[2025-06-25T01:28:47.525+0000] {subprocess.py:93} INFO - ✅ PRO scores clean.
[2025-06-25T01:28:47.527+0000] {subprocess.py:93} INFO - 
[2025-06-25T01:28:47.528+0000] {subprocess.py:93} INFO - ✅ All datasets cleaned and saved successfully.
[2025-06-25T01:28:47.721+0000] {subprocess.py:97} INFO - Command exited with return code 0
[2025-06-25T01:28:47.724+0000] {taskinstance.py:441} INFO - ::group::Post task execution logs
[2025-06-25T01:28:47.804+0000] {taskinstance.py:1205} INFO - Marking task as SUCCESS. dag_id=clinlytix360_pipeline, task_id=run_etl_cleaning, execution_date=20250625T012103, start_date=20250625T012842, end_date=20250625T012847
[2025-06-25T01:28:47.868+0000] {local_task_job_runner.py:240} INFO - Task exited with return code 0
[2025-06-25T01:28:47.926+0000] {taskinstance.py:3482} INFO - 2 downstream tasks scheduled from follow-on schedule check
[2025-06-25T01:28:47.934+0000] {local_task_job_runner.py:222} INFO - ::endgroup::
