[2025-06-25T03:07:59.911+0000] {local_task_job_runner.py:120} INFO - ::group::Pre task execution logs
[2025-06-25T03:07:59.987+0000] {taskinstance.py:2073} INFO - Dependencies all met for dep_context=non-requeueable deps ti=<TaskInstance: clinlytix360_pipeline.run_feasibility_model manual__2025-06-25T03:07:27.304190+00:00 [queued]>
[2025-06-25T03:08:00.025+0000] {taskinstance.py:2073} INFO - Dependencies all met for dep_context=requeueable deps ti=<TaskInstance: clinlytix360_pipeline.run_feasibility_model manual__2025-06-25T03:07:27.304190+00:00 [queued]>
[2025-06-25T03:08:00.028+0000] {taskinstance.py:2303} INFO - Starting attempt 1 of 2
[2025-06-25T03:08:00.083+0000] {taskinstance.py:2327} INFO - Executing <Task(BashOperator): run_feasibility_model> on 2025-06-25 03:07:27.304190+00:00
[2025-06-25T03:08:00.101+0000] {warnings.py:110} WARNING - /home/***/.local/lib/python3.12/site-packages/***/task/task_runner/standard_task_runner.py:61: DeprecationWarning: This process (pid=257) is multi-threaded, use of fork() may lead to deadlocks in the child.
  pid = os.fork()

[2025-06-25T03:08:00.109+0000] {standard_task_runner.py:63} INFO - Started process 262 to run task
[2025-06-25T03:08:00.109+0000] {standard_task_runner.py:90} INFO - Running: ['***', 'tasks', 'run', 'clinlytix360_pipeline', 'run_feasibility_model', 'manual__2025-06-25T03:07:27.304190+00:00', '--job-id', '29', '--raw', '--subdir', 'DAGS_FOLDER/clinlytix_dag.py', '--cfg-path', '/tmp/tmp86m5ms7m']
[2025-06-25T03:08:00.115+0000] {standard_task_runner.py:91} INFO - Job 29: Subtask run_feasibility_model
[2025-06-25T03:08:00.287+0000] {task_command.py:426} INFO - Running <TaskInstance: clinlytix360_pipeline.run_feasibility_model manual__2025-06-25T03:07:27.304190+00:00 [running]> on host 34096c58d0ef
[2025-06-25T03:08:00.738+0000] {taskinstance.py:2644} INFO - Exporting env vars: AIRFLOW_CTX_DAG_OWNER='ajayc' AIRFLOW_CTX_DAG_ID='clinlytix360_pipeline' AIRFLOW_CTX_TASK_ID='run_feasibility_model' AIRFLOW_CTX_EXECUTION_DATE='2025-06-25T03:07:27.304190+00:00' AIRFLOW_CTX_TRY_NUMBER='1' AIRFLOW_CTX_DAG_RUN_ID='manual__2025-06-25T03:07:27.304190+00:00'
[2025-06-25T03:08:00.746+0000] {taskinstance.py:430} INFO - ::endgroup::
[2025-06-25T03:08:00.759+0000] {subprocess.py:63} INFO - Tmp dir root location: /tmp
[2025-06-25T03:08:00.763+0000] {subprocess.py:75} INFO - Running command: ['/usr/bin/bash', '-c', 'python /opt/***/data/scripts/modeling/feasibility_model.py']
[2025-06-25T03:08:00.814+0000] {subprocess.py:86} INFO - Output:
[2025-06-25T03:08:05.642+0000] {subprocess.py:93} INFO - 
[2025-06-25T03:08:05.646+0000] {subprocess.py:93} INFO - 🧪 Trial Feasibility Matching per Site
[2025-06-25T03:08:05.648+0000] {subprocess.py:93} INFO - 
[2025-06-25T03:08:05.655+0000] {subprocess.py:93} INFO - ✅ Site-level feasibility report generated.
[2025-06-25T03:08:05.659+0000] {subprocess.py:93} INFO -   site_id country  ... eligible_patients projected_fill_rate
[2025-06-25T03:08:05.662+0000] {subprocess.py:93} INFO - 0    S001   India  ...                52                0.45
[2025-06-25T03:08:05.664+0000] {subprocess.py:93} INFO - 1    S002  Brazil  ...                52                0.37
[2025-06-25T03:08:05.668+0000] {subprocess.py:93} INFO - 2    S003      US  ...                31                0.22
[2025-06-25T03:08:05.674+0000] {subprocess.py:93} INFO - 3    S004      US  ...                31                0.36
[2025-06-25T03:08:05.676+0000] {subprocess.py:93} INFO - 4    S005  Brazil  ...                22                0.22
[2025-06-25T03:08:05.677+0000] {subprocess.py:93} INFO - 
[2025-06-25T03:08:05.679+0000] {subprocess.py:93} INFO - [5 rows x 7 columns]
[2025-06-25T03:08:06.273+0000] {subprocess.py:97} INFO - Command exited with return code 0
[2025-06-25T03:08:06.306+0000] {taskinstance.py:441} INFO - ::group::Post task execution logs
[2025-06-25T03:08:06.459+0000] {taskinstance.py:1205} INFO - Marking task as SUCCESS. dag_id=clinlytix360_pipeline, task_id=run_feasibility_model, execution_date=20250625T030727, start_date=20250625T030759, end_date=20250625T030806
[2025-06-25T03:08:06.587+0000] {local_task_job_runner.py:240} INFO - Task exited with return code 0
[2025-06-25T03:08:06.682+0000] {taskinstance.py:3482} INFO - 0 downstream tasks scheduled from follow-on schedule check
[2025-06-25T03:08:06.695+0000] {local_task_job_runner.py:222} INFO - ::endgroup::
