[2025-06-25T01:30:55.256+0000] {local_task_job_runner.py:120} INFO - ::group::Pre task execution logs
[2025-06-25T01:30:55.365+0000] {taskinstance.py:2073} INFO - Dependencies all met for dep_context=non-requeueable deps ti=<TaskInstance: clinlytix360_pipeline.run_feasibility_model manual__2025-06-25T01:21:03.001484+00:00 [queued]>
[2025-06-25T01:30:55.411+0000] {taskinstance.py:2073} INFO - Dependencies all met for dep_context=requeueable deps ti=<TaskInstance: clinlytix360_pipeline.run_feasibility_model manual__2025-06-25T01:21:03.001484+00:00 [queued]>
[2025-06-25T01:30:55.413+0000] {taskinstance.py:2303} INFO - Starting attempt 2 of 2
[2025-06-25T01:30:55.477+0000] {taskinstance.py:2327} INFO - Executing <Task(BashOperator): run_feasibility_model> on 2025-06-25 01:21:03.001484+00:00
[2025-06-25T01:30:55.520+0000] {warnings.py:110} WARNING - /home/***/.local/lib/python3.12/site-packages/***/task/task_runner/standard_task_runner.py:61: DeprecationWarning: This process (pid=194) is multi-threaded, use of fork() may lead to deadlocks in the child.
  pid = os.fork()

[2025-06-25T01:30:55.535+0000] {standard_task_runner.py:63} INFO - Started process 198 to run task
[2025-06-25T01:30:55.539+0000] {standard_task_runner.py:90} INFO - Running: ['***', 'tasks', 'run', 'clinlytix360_pipeline', 'run_feasibility_model', 'manual__2025-06-25T01:21:03.001484+00:00', '--job-id', '18', '--raw', '--subdir', 'DAGS_FOLDER/clinlytix_dag.py', '--cfg-path', '/tmp/tmpvb6z3rqs']
[2025-06-25T01:30:55.552+0000] {standard_task_runner.py:91} INFO - Job 18: Subtask run_feasibility_model
[2025-06-25T01:30:55.999+0000] {task_command.py:426} INFO - Running <TaskInstance: clinlytix360_pipeline.run_feasibility_model manual__2025-06-25T01:21:03.001484+00:00 [running]> on host 6b66237045bc
[2025-06-25T01:30:56.337+0000] {taskinstance.py:2644} INFO - Exporting env vars: AIRFLOW_CTX_DAG_OWNER='ajayc' AIRFLOW_CTX_DAG_ID='clinlytix360_pipeline' AIRFLOW_CTX_TASK_ID='run_feasibility_model' AIRFLOW_CTX_EXECUTION_DATE='2025-06-25T01:21:03.001484+00:00' AIRFLOW_CTX_TRY_NUMBER='2' AIRFLOW_CTX_DAG_RUN_ID='manual__2025-06-25T01:21:03.001484+00:00'
[2025-06-25T01:30:56.343+0000] {taskinstance.py:430} INFO - ::endgroup::
[2025-06-25T01:30:56.347+0000] {subprocess.py:63} INFO - Tmp dir root location: /tmp
[2025-06-25T01:30:56.351+0000] {subprocess.py:75} INFO - Running command: ['/usr/bin/bash', '-c', 'python /opt/***/data/scripts/modeling/feasibility_model.py']
[2025-06-25T01:30:56.386+0000] {subprocess.py:86} INFO - Output:
[2025-06-25T01:31:00.095+0000] {subprocess.py:93} INFO - 
[2025-06-25T01:31:00.098+0000] {subprocess.py:93} INFO - 🧪 Trial Feasibility Matching per Site
[2025-06-25T01:31:00.102+0000] {subprocess.py:93} INFO - 
[2025-06-25T01:31:00.107+0000] {subprocess.py:93} INFO - ✅ Site-level feasibility report generated.
[2025-06-25T01:31:00.110+0000] {subprocess.py:93} INFO -   site_id country  ... eligible_patients projected_fill_rate
[2025-06-25T01:31:00.111+0000] {subprocess.py:93} INFO - 0    S001   India  ...                52                0.45
[2025-06-25T01:31:00.115+0000] {subprocess.py:93} INFO - 1    S002  Brazil  ...                52                0.37
[2025-06-25T01:31:00.117+0000] {subprocess.py:93} INFO - 2    S003      US  ...                31                0.22
[2025-06-25T01:31:00.119+0000] {subprocess.py:93} INFO - 3    S004      US  ...                31                0.36
[2025-06-25T01:31:00.120+0000] {subprocess.py:93} INFO - 4    S005  Brazil  ...                22                0.22
[2025-06-25T01:31:00.122+0000] {subprocess.py:93} INFO - 
[2025-06-25T01:31:00.123+0000] {subprocess.py:93} INFO - [5 rows x 7 columns]
[2025-06-25T01:31:00.309+0000] {subprocess.py:97} INFO - Command exited with return code 0
[2025-06-25T01:31:00.312+0000] {taskinstance.py:441} INFO - ::group::Post task execution logs
[2025-06-25T01:31:00.381+0000] {taskinstance.py:1205} INFO - Marking task as SUCCESS. dag_id=clinlytix360_pipeline, task_id=run_feasibility_model, execution_date=20250625T012103, start_date=20250625T013055, end_date=20250625T013100
[2025-06-25T01:31:00.471+0000] {local_task_job_runner.py:240} INFO - Task exited with return code 0
[2025-06-25T01:31:00.509+0000] {taskinstance.py:3482} INFO - 0 downstream tasks scheduled from follow-on schedule check
[2025-06-25T01:31:00.515+0000] {local_task_job_runner.py:222} INFO - ::endgroup::
